  [1m[36mSQL (13.0ms)[0m  [1m SELECT name
 FROM sqlite_master
 WHERE type = 'table' AND NOT name = 'sqlite_sequence'
[0m
  [1m[35mSQL (0.0ms)[0m  select sqlite_version(*)
  [1m[36mSQL (76.0ms)[0m  [1mCREATE TABLE "schema_migrations" ("version" varchar(255) NOT NULL) [0m
  [1m[35mSQL (0.0ms)[0m  PRAGMA index_list("schema_migrations")
  [1m[36mSQL (100.0ms)[0m  [1mCREATE UNIQUE INDEX "unique_schema_migrations" ON "schema_migrations" ("version")[0m
  [1m[35mSQL (0.0ms)[0m   SELECT name
 FROM sqlite_master
 WHERE type = 'table' AND NOT name = 'sqlite_sequence'
  [1m[36mSQL (0.0ms)[0m  [1m SELECT name
 FROM sqlite_master
 WHERE type = 'table' AND NOT name = 'sqlite_sequence'
[0m
  [1m[35mSQL (1.0ms)[0m  SELECT "schema_migrations"."version" FROM "schema_migrations"
Migrating to CreateUsers (20110516125935)
  [1m[36mSQL (1.0ms)[0m  [1mCREATE TABLE "users" ("id" INTEGER PRIMARY KEY AUTOINCREMENT NOT NULL, "name" varchar(255), "email" varchar(255), "created_at" datetime, "updated_at" datetime) [0m
  [1m[35mSQL (0.0ms)[0m  INSERT INTO "schema_migrations" ("version") VALUES ('20110516125935')
  [1m[36mSQL (0.0ms)[0m  [1m SELECT name
 FROM sqlite_master
 WHERE type = 'table' AND NOT name = 'sqlite_sequence'
[0m
  [1m[35mSQL (0.0ms)[0m  SELECT "schema_migrations"."version" FROM "schema_migrations"
  [1m[36mSQL (0.0ms)[0m  [1m SELECT name
 FROM sqlite_master
 WHERE type = 'table' AND NOT name = 'sqlite_sequence'
[0m
  [1m[35mSQL (0.0ms)[0m  PRAGMA index_list("users")


Started GET "/rails/info/properties" for 127.0.0.1 at 2011-05-17 00:02:20 +1100
  Processing by Rails::InfoController#properties as HTML
  [1m[36mSQL (0.0ms)[0m  [1m SELECT name
 FROM sqlite_master
 WHERE type = 'table' AND NOT name = 'sqlite_sequence'
[0m
  [1m[35mSQL (0.0ms)[0m   SELECT name
 FROM sqlite_master
 WHERE type = 'table' AND NOT name = 'sqlite_sequence'
  [1m[36mSQL (0.0ms)[0m  [1mSELECT "schema_migrations"."version" FROM "schema_migrations"[0m
Rendered inline template (0.0ms)
Completed 200 OK in 81ms (Views: 0.0ms | ActiveRecord: 0.0ms)


Started GET "/users" for 127.0.0.1 at 2011-05-17 00:05:30 +1100
  Processing by UsersController#index as HTML
  [1m[35mUser Load (1.0ms)[0m  SELECT "users".* FROM "users"
Rendered users/index.html.erb within layouts/application (2.0ms)
Completed 200 OK in 384ms (Views: 19.0ms | ActiveRecord: 1.0ms)
  [1m[36mSQL (0.0ms)[0m  [1m SELECT name
 FROM sqlite_master
 WHERE type = 'table' AND NOT name = 'sqlite_sequence'
[0m
  [1m[35mSQL (0.0ms)[0m   SELECT name
 FROM sqlite_master
 WHERE type = 'table' AND NOT name = 'sqlite_sequence'
  [1m[36mSQL (1.0ms)[0m  [1mSELECT "schema_migrations"."version" FROM "schema_migrations"[0m
Migrating to CreateUsers (20110516125935)
Migrating to CreateMicroposts (20110516132215)
  [1m[35mSQL (0.0ms)[0m  select sqlite_version(*)
  [1m[36mSQL (1.0ms)[0m  [1mCREATE TABLE "microposts" ("id" INTEGER PRIMARY KEY AUTOINCREMENT NOT NULL, "content" varchar(255), "user_id" integer, "created_at" datetime, "updated_at" datetime) [0m
  [1m[35mSQL (0.0ms)[0m  INSERT INTO "schema_migrations" ("version") VALUES ('20110516132215')
  [1m[36mSQL (0.0ms)[0m  [1m SELECT name
 FROM sqlite_master
 WHERE type = 'table' AND NOT name = 'sqlite_sequence'
[0m
  [1m[35mSQL (0.0ms)[0m  SELECT "schema_migrations"."version" FROM "schema_migrations"
  [1m[36mSQL (0.0ms)[0m  [1m SELECT name
 FROM sqlite_master
 WHERE type = 'table' AND NOT name = 'sqlite_sequence'
[0m
  [1m[35mSQL (1.0ms)[0m  PRAGMA index_list("microposts")
  [1m[36mSQL (0.0ms)[0m  [1mPRAGMA index_list("users")[0m


Started GET "/users/new" for 127.0.0.1 at 2011-05-17 00:24:00 +1100
  Processing by UsersController#new as HTML
Rendered users/_form.html.erb (109.0ms)
Rendered users/new.html.erb within layouts/application (119.0ms)
Completed 200 OK in 145ms (Views: 136.0ms | ActiveRecord: 0.0ms)


Started POST "/users" for 127.0.0.1 at 2011-05-17 00:24:24 +1100
  Processing by UsersController#create as HTML
  Parameters: {"utf8"=>"✓", "authenticity_token"=>"I7bPj+MtTQdMZSiUPtAQ4MGLSF8q9fvasudYdYJQQ5Y=", "user"=>{"name"=>"1111", "email"=>"1111@"}, "commit"=>"Create User"}
  [1m[36mAREL (0.0ms)[0m  [1mINSERT INTO "users" ("name", "email", "created_at", "updated_at") VALUES ('1111', '1111@', '2011-05-16 13:24:25.075111', '2011-05-16 13:24:25.075111')[0m
Redirected to http://localhost:3000/users/1
Completed 302 Found in 124ms


Started GET "/users/1" for 127.0.0.1 at 2011-05-17 00:24:25 +1100
  Processing by UsersController#show as HTML
  Parameters: {"id"=>"1"}
  [1m[35mUser Load (0.0ms)[0m  SELECT "users".* FROM "users" WHERE "users"."id" = 1 LIMIT 1
Rendered users/show.html.erb within layouts/application (7.0ms)
Completed 200 OK in 98ms (Views: 28.0ms | ActiveRecord: 0.0ms)


Started GET "/users" for 127.0.0.1 at 2011-05-17 00:24:35 +1100
  Processing by UsersController#index as HTML
  [1m[36mUser Load (1.0ms)[0m  [1mSELECT "users".* FROM "users"[0m
Rendered users/index.html.erb within layouts/application (7.0ms)
Completed 200 OK in 34ms (Views: 24.0ms | ActiveRecord: 1.0ms)


Started GET "/users/new" for 127.0.0.1 at 2011-05-17 00:24:37 +1100
  Processing by UsersController#new as HTML
Rendered users/_form.html.erb (7.0ms)
Rendered users/new.html.erb within layouts/application (20.0ms)
Completed 200 OK in 67ms (Views: 49.0ms | ActiveRecord: 0.0ms)


Started POST "/users" for 127.0.0.1 at 2011-05-17 00:24:49 +1100
  Processing by UsersController#create as HTML
  Parameters: {"utf8"=>"✓", "authenticity_token"=>"I7bPj+MtTQdMZSiUPtAQ4MGLSF8q9fvasudYdYJQQ5Y=", "user"=>{"name"=>"2222", "email"=>"2222#"}, "commit"=>"Create User"}
  [1m[35mAREL (0.0ms)[0m  INSERT INTO "users" ("name", "email", "created_at", "updated_at") VALUES ('2222', '2222#', '2011-05-16 13:24:49.896531', '2011-05-16 13:24:49.896531')
Redirected to http://localhost:3000/users/2
Completed 302 Found in 82ms


Started GET "/users/2" for 127.0.0.1 at 2011-05-17 00:24:49 +1100
  Processing by UsersController#show as HTML
  Parameters: {"id"=>"2"}
  [1m[36mUser Load (0.0ms)[0m  [1mSELECT "users".* FROM "users" WHERE "users"."id" = 2 LIMIT 1[0m
Rendered users/show.html.erb within layouts/application (6.0ms)
Completed 200 OK in 43ms (Views: 32.0ms | ActiveRecord: 0.0ms)


Started GET "/users" for 127.0.0.1 at 2011-05-17 00:24:54 +1100
  Processing by UsersController#index as HTML
  [1m[35mUser Load (1.0ms)[0m  SELECT "users".* FROM "users"
Rendered users/index.html.erb within layouts/application (7.0ms)
Completed 200 OK in 29ms (Views: 21.0ms | ActiveRecord: 1.0ms)


Started GET "/users/1" for 127.0.0.1 at 2011-05-17 00:25:00 +1100
  Processing by UsersController#show as HTML
  Parameters: {"id"=>"1"}
  [1m[36mUser Load (0.0ms)[0m  [1mSELECT "users".* FROM "users" WHERE "users"."id" = 1 LIMIT 1[0m
Rendered users/show.html.erb within layouts/application (6.0ms)
Completed 200 OK in 53ms (Views: 33.0ms | ActiveRecord: 0.0ms)


Started GET "/users" for 127.0.0.1 at 2011-05-17 00:25:03 +1100
  Processing by UsersController#index as HTML
  [1m[35mUser Load (0.0ms)[0m  SELECT "users".* FROM "users"
Rendered users/index.html.erb within layouts/application (14.0ms)
Completed 200 OK in 61ms (Views: 44.0ms | ActiveRecord: 0.0ms)


Started GET "/microposts" for 127.0.0.1 at 2011-05-17 00:25:40 +1100
  Processing by MicropostsController#index as HTML
  [1m[36mMicropost Load (1.0ms)[0m  [1mSELECT "microposts".* FROM "microposts"[0m
Rendered microposts/index.html.erb within layouts/application (3.0ms)
Completed 200 OK in 52ms (Views: 30.0ms | ActiveRecord: 1.0ms)


Started GET "/microposts/new" for 127.0.0.1 at 2011-05-17 00:25:44 +1100
  Processing by MicropostsController#new as HTML
Rendered microposts/_form.html.erb (3.0ms)
Rendered microposts/new.html.erb within layouts/application (12.0ms)
Completed 200 OK in 51ms (Views: 41.0ms | ActiveRecord: 0.0ms)


Started POST "/microposts" for 127.0.0.1 at 2011-05-17 00:26:20 +1100
  Processing by MicropostsController#create as HTML
  Parameters: {"utf8"=>"✓", "authenticity_token"=>"I7bPj+MtTQdMZSiUPtAQ4MGLSF8q9fvasudYdYJQQ5Y=", "micropost"=>{"content"=>"111conteni", "user_id"=>"1"}, "commit"=>"Create Micropost"}
  [1m[35mSQL (1.0ms)[0m   SELECT name
 FROM sqlite_master
 WHERE type = 'table' AND NOT name = 'sqlite_sequence'
  [1m[36mAREL (1.0ms)[0m  [1mINSERT INTO "microposts" ("content", "user_id", "created_at", "updated_at") VALUES ('111conteni', 1, '2011-05-16 13:26:20.576717', '2011-05-16 13:26:20.576717')[0m
Redirected to http://localhost:3000/microposts/1
Completed 302 Found in 122ms


Started GET "/microposts/1" for 127.0.0.1 at 2011-05-17 00:26:20 +1100
  Processing by MicropostsController#show as HTML
  Parameters: {"id"=>"1"}
  [1m[35mSQL (0.0ms)[0m   SELECT name
 FROM sqlite_master
 WHERE type = 'table' AND NOT name = 'sqlite_sequence'
  [1m[36mMicropost Load (0.0ms)[0m  [1mSELECT "microposts".* FROM "microposts" WHERE "microposts"."id" = 1 LIMIT 1[0m
Rendered microposts/show.html.erb within layouts/application (12.0ms)
Completed 200 OK in 66ms (Views: 46.0ms | ActiveRecord: 2.0ms)


Started GET "/microposts" for 127.0.0.1 at 2011-05-17 00:26:24 +1100
  Processing by MicropostsController#index as HTML
  [1m[35mMicropost Load (0.0ms)[0m  SELECT "microposts".* FROM "microposts"
Rendered microposts/index.html.erb within layouts/application (7.0ms)
Completed 200 OK in 41ms (Views: 25.0ms | ActiveRecord: 0.0ms)


Started GET "/microposts/new" for 127.0.0.1 at 2011-05-17 00:26:27 +1100
  Processing by MicropostsController#new as HTML
Rendered microposts/_form.html.erb (5.0ms)
Rendered microposts/new.html.erb within layouts/application (13.0ms)
Completed 200 OK in 53ms (Views: 30.0ms | ActiveRecord: 0.0ms)


Started POST "/microposts" for 127.0.0.1 at 2011-05-17 00:26:39 +1100
  Processing by MicropostsController#create as HTML
  Parameters: {"utf8"=>"✓", "authenticity_token"=>"I7bPj+MtTQdMZSiUPtAQ4MGLSF8q9fvasudYdYJQQ5Y=", "micropost"=>{"content"=>"2222con", "user_id"=>"2"}, "commit"=>"Create Micropost"}
  [1m[36mSQL (0.0ms)[0m  [1m SELECT name
 FROM sqlite_master
 WHERE type = 'table' AND NOT name = 'sqlite_sequence'
[0m
  [1m[35mAREL (1.0ms)[0m  INSERT INTO "microposts" ("content", "user_id", "created_at", "updated_at") VALUES ('2222con', 2, '2011-05-16 13:26:40.002829', '2011-05-16 13:26:40.002829')
Redirected to http://localhost:3000/microposts/2
Completed 302 Found in 96ms


Started GET "/microposts/2" for 127.0.0.1 at 2011-05-17 00:26:40 +1100
  Processing by MicropostsController#show as HTML
  Parameters: {"id"=>"2"}
  [1m[36mSQL (1.0ms)[0m  [1m SELECT name
 FROM sqlite_master
 WHERE type = 'table' AND NOT name = 'sqlite_sequence'
[0m
  [1m[35mMicropost Load (1.0ms)[0m  SELECT "microposts".* FROM "microposts" WHERE "microposts"."id" = 2 LIMIT 1
Rendered microposts/show.html.erb within layouts/application (10.0ms)
Completed 200 OK in 56ms (Views: 37.0ms | ActiveRecord: 2.0ms)


Started GET "/microposts" for 127.0.0.1 at 2011-05-17 09:11:18 +1100
  Processing by MicropostsController#index as HTML
  [1m[36mMicropost Load (13.0ms)[0m  [1mSELECT "microposts".* FROM "microposts"[0m
Rendered microposts/index.html.erb within layouts/application (23.0ms)
Completed 200 OK in 358ms (Views: 77.0ms | ActiveRecord: 13.0ms)


Started GET "/microposts/new" for 127.0.0.1 at 2011-05-17 09:11:27 +1100
  Processing by MicropostsController#new as HTML
Rendered microposts/_form.html.erb (148.0ms)
Rendered microposts/new.html.erb within layouts/application (176.0ms)
Completed 200 OK in 214ms (Views: 196.0ms | ActiveRecord: 0.0ms)


Started POST "/microposts" for 127.0.0.1 at 2011-05-17 09:12:28 +1100
  Processing by MicropostsController#create as HTML
  Parameters: {"utf8"=>"✓", "authenticity_token"=>"f44WumA4T6Iemx8PYnMTb8ZnkariBemjwPruG1FIfpI=", "micropost"=>{"content"=>"12345600000000000000000000000000000000000000000000000000000000000000000000000000000000000000000000000000000000000000000000000000000000000000000000000000000000000000000000000000000000000000000000000000000000000000000000000000000000000000000000000000000000000001111111111111111111111111111111111111111111111111111111111111111111111111111111111111111111111111111111111111111111111111111111111111111111111111111111111111111110000000000000000000000000000000000000000000000000000000000000000000000000000000000000000000000000000000000000000000000000000000000000000000000000000000000000000000000000000000000000000000000000000011111111111111111111111111111111111111111111111111111111111111111111111111111111111111111111111111111111111111111111111111111111111111111111111111111111111111111111111111111111111111111111111111111111111111111111111111111111111111111111111111111111111111111111111111111111111111111111111111111111111111111111111111111111111111111111111111111111111111111111111", "user_id"=>"1"}, "commit"=>"Create Micropost"}
Rendered microposts/_form.html.erb (2.0ms)
Rendered microposts/new.html.erb within layouts/application (8.0ms)
Completed 200 OK in 45ms (Views: 24.0ms | ActiveRecord: 0.0ms)
  [1m[36mUser Load (0.0ms)[0m  [1mSELECT "users".* FROM "users" LIMIT 1[0m
  [1m[35mMicropost Load (0.0ms)[0m  SELECT "microposts".* FROM "microposts" WHERE ("microposts".user_id = 1)


Started GET "/microposts" for 127.0.0.1 at 2011-05-17 09:19:52 +1100
  Processing by MicropostsController#index as HTML
  [1m[35mMicropost Load (1.0ms)[0m  SELECT "microposts".* FROM "microposts"
Rendered microposts/index.html.erb within layouts/application (7.0ms)
Completed 200 OK in 119ms (Views: 35.0ms | ActiveRecord: 1.0ms)


Started GET "/microposts/new" for 127.0.0.1 at 2011-05-17 09:20:01 +1100
  Processing by MicropostsController#new as HTML
Rendered microposts/_form.html.erb (5.0ms)
Rendered microposts/new.html.erb within layouts/application (12.0ms)
Completed 200 OK in 63ms (Views: 43.0ms | ActiveRecord: 0.0ms)


Started POST "/microposts" for 127.0.0.1 at 2011-05-17 09:20:18 +1100
  Processing by MicropostsController#create as HTML
  Parameters: {"utf8"=>"✓", "authenticity_token"=>"f44WumA4T6Iemx8PYnMTb8ZnkariBemjwPruG1FIfpI=", "micropost"=>{"content"=>"333333content", "user_id"=>"1"}, "commit"=>"Create Micropost"}
  [1m[36mSQL (0.0ms)[0m  [1m SELECT name
 FROM sqlite_master
 WHERE type = 'table' AND NOT name = 'sqlite_sequence'
[0m
  [1m[35mAREL (0.0ms)[0m  INSERT INTO "microposts" ("content", "user_id", "created_at", "updated_at") VALUES ('333333content', 1, '2011-05-16 22:20:18.489521', '2011-05-16 22:20:18.489521')
Redirected to http://localhost:3000/microposts/3
Completed 302 Found in 191ms


Started GET "/microposts/3" for 127.0.0.1 at 2011-05-17 09:20:18 +1100
  Processing by MicropostsController#show as HTML
  Parameters: {"id"=>"3"}
  [1m[36mMicropost Load (0.0ms)[0m  [1mSELECT "microposts".* FROM "microposts" WHERE "microposts"."id" = 3 LIMIT 1[0m
Rendered microposts/show.html.erb within layouts/application (5.0ms)
Completed 200 OK in 67ms (Views: 30.0ms | ActiveRecord: 0.0ms)


Started GET "/microposts" for 127.0.0.1 at 2011-05-17 09:20:21 +1100
  Processing by MicropostsController#index as HTML
  [1m[35mMicropost Load (0.0ms)[0m  SELECT "microposts".* FROM "microposts"
Rendered microposts/index.html.erb within layouts/application (7.0ms)
Completed 200 OK in 36ms (Views: 25.0ms | ActiveRecord: 0.0ms)
  [1m[36mUser Load (0.0ms)[0m  [1mSELECT "users".* FROM "users"[0m
  [1m[35mUser Load (1.0ms)[0m  SELECT "users".* FROM "users" LIMIT 1
  [1m[36mMicropost Load (1.0ms)[0m  [1mSELECT "microposts".* FROM "microposts" WHERE ("microposts".user_id = 1)[0m
